<?xml version="1.0" encoding="UTF-8"?>
<!-- Generated by org.testng.reporters.JUnitXMLReporter -->
<testsuite ignored="4" hostname="LAPTOP-7M47H157" failures="0" tests="7" name="Test2" time="10.534" errors="0" timestamp="2024-10-08T14:41:10 CDT">
  <testcase classname="testcases.MyTestClass1" name="myTestMethod1" time="0.011"/>
  <testcase classname="testcases.MyTestClass1" name="myTestMethod2" time="0.003"/>
  <testcase classname="testcases.MyTestClass2" name="myTestMethod3" time="0.001"/>
  <testcase classname="testcases.MyTestClass2" name="myTestMethod4" time="0.001"/>
  <testcase classname="testcases.OrangeHRM" name="testLogo" time="0.0">
    <skipped/>
  </testcase> <!-- testLogo -->
  <testcase classname="testcases.OrangeHRM" name="testAppUrl" time="0.0">
    <skipped/>
  </testcase> <!-- testAppUrl -->
  <testcase classname="testcases.OrangeHRM" name="testHomePageTitle" time="0.0">
    <skipped/>
  </testcase> <!-- testHomePageTitle -->
  <testcase classname="testcases.SeleniumAbstractTest" name="@BeforeSuite beforeSuite" time="0.0">
    <ignored/>
  </testcase> <!-- @BeforeSuite beforeSuite -->
  <testcase classname="testcases.SeleniumAbstractTest" name="@AfterTest afterTest" time="0.0">
    <ignored/>
  </testcase> <!-- @AfterTest afterTest -->
  <testcase classname="testcases.SeleniumAbstractTest" name="@BeforeTest beforeTest" time="0.0">
    <ignored/>
  </testcase> <!-- @BeforeTest beforeTest -->
  <testcase classname="testcases.SeleniumAbstractTest" name="@AfterSuite afterSuite" time="0.0">
    <ignored/>
  </testcase> <!-- @AfterSuite afterSuite -->
</testsuite> <!-- Test2 -->
