<?xml version="1.0" encoding="UTF-8"?>
<!-- Generated by org.testng.reporters.JUnitXMLReporter -->
<testsuite ignored="2" hostname="LAPTOP-7M47H157" failures="0" tests="4" name="Test1" time="0.157" errors="0" timestamp="2024-10-08T23:01:29 CDT">
  <testcase classname="testcases.Signup" name="SignupbyFacebook" time="0.025"/>
  <testcase classname="testcases.Signup" name="SignupByTwitter" time="0.002"/>
  <testcase classname="testcases.LoginTests1" name="loginByEmail" time="0.003"/>
  <testcase classname="testcases.LoginTests1" name="loginByFacebook" time="0.003"/>
  <testcase classname="testcases.LoginTests1" name="loginByTwitter" time="0.0">
    <ignored/>
  </testcase> <!-- loginByTwitter -->
  <testcase classname="testcases.Signup" name="signupbyEmail" time="0.0">
    <ignored/>
  </testcase> <!-- signupbyEmail -->
</testsuite> <!-- Test1 -->
